<?xml version="1.0" encoding="UTF-8"?>
<robot generator="Robot 5.0 (Python 3.7.4 on win32)" generated="20220430 11:51:57.496" rpa="false" schemaversion="3">
<suite id="s1" name="Demo1" source="C:\Users\vsgee\OneDrive\Documents\robotprojects\demolist\demo\Demo1.robot">
<test id="s1-t1" name="TC_08" line="47">
<kw name="Log To Console" library="BuiltIn">
<arg>Hello World</arg>
<doc>Logs the given message to the console.</doc>
<status status="PASS" starttime="20220430 11:51:57.530" endtime="20220430 11:51:57.530"/>
</kw>
<tag>new</tag>
<status status="PASS" starttime="20220430 11:51:57.529" endtime="20220430 11:51:57.530"/>
</test>
<status status="PASS" starttime="20220430 11:51:57.498" endtime="20220430 11:51:57.531"/>
</suite>
<statistics>
<total>
<stat pass="1" fail="0" skip="0">All Tests</stat>
</total>
<tag>
<stat pass="1" fail="0" skip="0">new</stat>
</tag>
<suite>
<stat pass="1" fail="0" skip="0" id="s1" name="Demo1">Demo1</stat>
</suite>
</statistics>
<errors>
</errors>
</robot>
